99.03.25 13:34 B H:\ssi\toolbar\blue.gif --> stage.sco.com /u/https-80/htdocs/ssi/toolbar blue.gif
99.03.25 13:34 B H:\ssi\toolbar\Copy of main.inc --> stage.sco.com /u/https-80/htdocs/ssi/toolbar Copy of main.inc
99.03.25 13:34 B H:\ssi\toolbar\invis.gif --> stage.sco.com /u/https-80/htdocs/ssi/toolbar invis.gif
99.03.25 13:34 B H:\ssi\toolbar\main.inc --> stage.sco.com /u/https-80/htdocs/ssi/toolbar main.inc
99.03.25 13:34 B H:\ssi\toolbar\tool.gif --> stage.sco.com /u/https-80/htdocs/ssi/toolbar tool.gif
99.03.25 13:34 B H:\ssi\toolbar\toolcon.gif --> stage.sco.com /u/https-80/htdocs/ssi/toolbar toolcon.gif
99.03.25 13:34 B H:\ssi\toolbar\toolhom.gif --> stage.sco.com /u/https-80/htdocs/ssi/toolbar toolhom.gif
99.03.25 13:34 B H:\ssi\toolbar\toollogo.gif --> stage.sco.com /u/https-80/htdocs/ssi/toolbar toollogo.gif
99.03.25 13:34 B H:\ssi\toolbar\toolsea.gif --> stage.sco.com /u/https-80/htdocs/ssi/toolbar toolsea.gif
99.05.27 02:59 B G:\ssi\toolbar\adam.inc --> stage.sco.com /u/https-80/htdocs/ssi/toolbar adam.inc
99.05.27 02:59 B G:\ssi\toolbar\blue.gif --> stage.sco.com /u/https-80/htdocs/ssi/toolbar blue.gif
99.05.27 02:59 B G:\ssi\toolbar\Copy of main.inc --> stage.sco.com /u/https-80/htdocs/ssi/toolbar Copy of main.inc
99.05.27 02:59 B G:\ssi\toolbar\hotforum.gif --> stage.sco.com /u/https-80/htdocs/ssi/toolbar hotforum.gif
99.05.27 02:59 B G:\ssi\toolbar\hotofferi.gif --> stage.sco.com /u/https-80/htdocs/ssi/toolbar hotofferi.gif
99.05.27 02:59 B G:\ssi\toolbar\hotscoworld.gif --> stage.sco.com /u/https-80/htdocs/ssi/toolbar hotscoworld.gif
99.05.27 03:00 B G:\ssi\toolbar\hoty2k.gif --> stage.sco.com /u/https-80/htdocs/ssi/toolbar hoty2k.gif
99.05.27 03:00 B G:\ssi\toolbar\info_tip.html --> stage.sco.com /u/https-80/htdocs/ssi/toolbar info_tip.html
99.05.27 03:00 B G:\ssi\toolbar\invis.gif --> stage.sco.com /u/https-80/htdocs/ssi/toolbar invis.gif
99.05.27 03:00 B G:\ssi\toolbar\italy.inc --> stage.sco.com /u/https-80/htdocs/ssi/toolbar italy.inc
99.05.27 03:00 B G:\ssi\toolbar\lang.gif --> stage.sco.com /u/https-80/htdocs/ssi/toolbar lang.gif
99.05.27 03:00 B G:\ssi\toolbar\lang_deu.gif --> stage.sco.com /u/https-80/htdocs/ssi/toolbar lang_deu.gif
99.05.27 03:00 B G:\ssi\toolbar\lang_end.gif --> stage.sco.com /u/https-80/htdocs/ssi/toolbar lang_end.gif
99.05.27 03:00 B G:\ssi\toolbar\lang_enu.gif --> stage.sco.com /u/https-80/htdocs/ssi/toolbar lang_enu.gif
99.05.27 03:00 B G:\ssi\toolbar\lang_esu.gif --> stage.sco.com /u/https-80/htdocs/ssi/toolbar lang_esu.gif
99.05.27 03:00 B G:\ssi\toolbar\lang_fru.gif --> stage.sco.com /u/https-80/htdocs/ssi/toolbar lang_fru.gif
99.05.27 03:00 B G:\ssi\toolbar\lang_info.gif --> stage.sco.com /u/https-80/htdocs/ssi/toolbar lang_info.gif
99.05.27 03:00 B G:\ssi\toolbar\lang_itd.gif --> stage.sco.com /u/https-80/htdocs/ssi/toolbar lang_itd.gif
99.05.27 03:00 B G:\ssi\toolbar\lang_itu.gif --> stage.sco.com /u/https-80/htdocs/ssi/toolbar lang_itu.gif
99.05.27 03:00 B G:\ssi\toolbar\lang_jau.gif --> stage.sco.com /u/https-80/htdocs/ssi/toolbar lang_jau.gif
99.05.27 03:00 B G:\ssi\toolbar\main.inc --> stage.sco.com /u/https-80/htdocs/ssi/toolbar main.inc
99.05.27 03:00 B G:\ssi\toolbar\main.incl.txt --> stage.sco.com /u/https-80/htdocs/ssi/toolbar main.incl.txt
99.05.27 03:00 B G:\ssi\toolbar\strap.gif --> stage.sco.com /u/https-80/htdocs/ssi/toolbar strap.gif
99.05.27 03:00 B G:\ssi\toolbar\strap1.gif --> stage.sco.com /u/https-80/htdocs/ssi/toolbar strap1.gif
99.05.27 03:00 B G:\ssi\toolbar\strap2.gif --> stage.sco.com /u/https-80/htdocs/ssi/toolbar strap2.gif
99.05.27 03:00 B G:\ssi\toolbar\straptta.gif --> stage.sco.com /u/https-80/htdocs/ssi/toolbar straptta.gif
99.05.27 03:01 B G:\ssi\toolbar\strapuw.gif --> stage.sco.com /u/https-80/htdocs/ssi/toolbar strapuw.gif
99.05.27 03:01 B G:\ssi\toolbar\t_adam.inc --> stage.sco.com /u/https-80/htdocs/ssi/toolbar t_adam.inc
99.05.27 03:01 B G:\ssi\toolbar\tool.gif --> stage.sco.com /u/https-80/htdocs/ssi/toolbar tool.gif
99.05.27 03:01 B G:\ssi\toolbar\toolcon.gif --> stage.sco.com /u/https-80/htdocs/ssi/toolbar toolcon.gif
99.05.27 03:01 B G:\ssi\toolbar\toolconi.gif --> stage.sco.com /u/https-80/htdocs/ssi/toolbar toolconi.gif
99.05.27 03:01 B G:\ssi\toolbar\toolhom.gif --> stage.sco.com /u/https-80/htdocs/ssi/toolbar toolhom.gif
99.05.27 03:01 B G:\ssi\toolbar\toollogo.gif --> stage.sco.com /u/https-80/htdocs/ssi/toolbar toollogo.gif
99.05.27 03:01 B G:\ssi\toolbar\toollogo1.gif --> stage.sco.com /u/https-80/htdocs/ssi/toolbar toollogo1.gif
99.05.27 03:01 B G:\ssi\toolbar\toollogo2.gif --> stage.sco.com /u/https-80/htdocs/ssi/toolbar toollogo2.gif
99.05.27 03:01 B G:\ssi\toolbar\toolsea.gif --> stage.sco.com /u/https-80/htdocs/ssi/toolbar toolsea.gif
99.05.27 03:01 B G:\ssi\toolbar\toolseai.gif --> stage.sco.com /u/https-80/htdocs/ssi/toolbar toolseai.gif
99.05.27 03:01 B G:\ssi\toolbar\unitedk.inc --> stage.sco.com /u/https-80/htdocs/ssi/toolbar unitedk.inc
